<?xml version="1.0" encoding="UTF-8"?>
<!-- Generated by org.testng.reporters.JUnitReportReporter -->
<testsuite hostname="DESKTOP-D716IJ6" failures="0" tests="1" name="com.Parameters.QueryParameters" time="2.733" errors="0" timestamp="2023-05-11T10:47:54 IST" skipped="0">
  <testcase classname="com.Parameters.QueryParameters" name="getusers" time="2.733"/>
  <system-out/>
</testsuite> <!-- com.Parameters.QueryParameters -->
