<?xml version="1.0" encoding="UTF-8"?>
<!-- Generated by org.testng.reporters.JUnitReportReporter -->
<testsuite hostname="DESKTOP-D716IJ6" failures="0" tests="1" name="com.CRUDopsWithBDD.PutARequest" time="2.785" errors="0" timestamp="2023-05-08T15:47:03 IST" skipped="0">
  <testcase classname="com.CRUDopsWithBDD.PutARequest" name="putARequest" time="2.785"/>
  <system-out/>
</testsuite> <!-- com.CRUDopsWithBDD.PutARequest -->
