<?xml version="1.0" encoding="UTF-8"?>
<!-- Generated by org.testng.reporters.JUnitReportReporter -->
<testsuite hostname="DESKTOP-D716IJ6" failures="0" tests="1" name="com.CRUDopsWithoutBDD.GetSingleRequest" time="1.250" errors="0" timestamp="2023-05-08T11:30:52 IST" skipped="0">
  <testcase classname="com.CRUDopsWithoutBDD.GetSingleRequest" name="getSingleReq" time="1.250"/>
  <system-out/>
</testsuite> <!-- com.CRUDopsWithoutBDD.GetSingleRequest -->
