<?xml version="1.0" encoding="UTF-8"?>
<!-- Generated by org.testng.reporters.JUnitReportReporter -->
<testsuite hostname="DESKTOP-D716IJ6" failures="0" tests="2" name="com.DDT.DDTYantra" time="2.285" errors="0" timestamp="2023-05-11T15:46:33 IST" skipped="0">
  <testcase classname="com.DDT.DDTYantra" name="writedata" time="2.202"/>
  <system-out/>
  <testcase classname="com.DDT.DDTYantra" name="writedata" time="0.083"/>
  <system-out/>
</testsuite> <!-- com.DDT.DDTYantra -->
