<?xml version="1.0" encoding="UTF-8"?>
<!-- Generated by org.testng.reporters.JUnitReportReporter -->
<testsuite hostname="DESKTOP-D716IJ6" failures="0" tests="1" name="com.requestSpecBuilderNResponseSpecB.RnRspecBuilderInRMG" time="1.566" errors="0" timestamp="2023-05-15T11:27:02 IST" skipped="0">
  <testcase classname="com.requestSpecBuilderNResponseSpecB.RnRspecBuilderInRMG" name="postt" time="1.566"/>
  <system-out/>
</testsuite> <!-- com.requestSpecBuilderNResponseSpecB.RnRspecBuilderInRMG -->
