<?xml version="1.0" encoding="UTF-8"?>
<!-- Generated by org.testng.reporters.JUnitReportReporter -->
<testsuite hostname="DESKTOP-D716IJ6" failures="0" tests="1" name="com.basicAuth.SimpleBasicAuth" time="2.016" errors="0" timestamp="2023-05-12T10:46:03 IST" skipped="0">
  <testcase classname="com.basicAuth.SimpleBasicAuth" name="loginApi" time="2.016"/>
  <system-out/>
</testsuite> <!-- com.basicAuth.SimpleBasicAuth -->
