<?xml version="1.0" encoding="UTF-8"?>
<!-- Generated by org.testng.reporters.JUnitReportReporter -->
<testsuite hostname="DESKTOP-D716IJ6" failures="0" tests="1" name="com.CRUDopsWithBDD.GetASingleRequest" time="2.167" errors="0" timestamp="2023-05-08T15:48:37 IST" skipped="0">
  <testcase classname="com.CRUDopsWithBDD.GetASingleRequest" name="getASingleRequest" time="2.167"/>
  <system-out/>
</testsuite> <!-- com.CRUDopsWithBDD.GetASingleRequest -->
