<?xml version="1.0" encoding="UTF-8"?>
<!-- Generated by org.testng.reporters.JUnitReportReporter -->
<testsuite hostname="DESKTOP-D716IJ6" failures="0" tests="1" name="com.CoopsChicken.UnlockTheBarn" time="3.107" errors="0" timestamp="2023-05-12T15:12:18 IST" skipped="0">
  <testcase classname="com.CoopsChicken.UnlockTheBarn" name="unlock" time="3.107"/>
  <system-out/>
</testsuite> <!-- com.CoopsChicken.UnlockTheBarn -->
