<?xml version="1.0" encoding="UTF-8"?>
<!-- Generated by org.testng.reporters.JUnitReportReporter -->
<testsuite hostname="DESKTOP-D716IJ6" failures="0" tests="1" name="com.CRUDopsWithoutBDD.GetRequest" time="2.041" errors="0" timestamp="2023-05-08T12:35:44 IST" skipped="0">
  <testcase classname="com.CRUDopsWithoutBDD.GetRequest" name="getRequest" time="2.041"/>
  <system-out/>
</testsuite> <!-- com.CRUDopsWithoutBDD.GetRequest -->
