<?xml version="1.0" encoding="UTF-8"?>
<!-- Generated by org.testng.reporters.JUnitReportReporter -->
<testsuite hostname="DESKTOP-D716IJ6" failures="0" tests="1" name="com.requestSpecBuilderNResponseSpecB.RequestNResponseSpecBuilder" time="3.798" errors="0" timestamp="2023-05-15T11:17:13 IST" skipped="0">
  <testcase classname="com.requestSpecBuilderNResponseSpecB.RequestNResponseSpecBuilder" name="post" time="3.798"/>
  <system-out/>
</testsuite> <!-- com.requestSpecBuilderNResponseSpecB.RequestNResponseSpecBuilder -->
