<?xml version="1.0" encoding="UTF-8"?>
<!-- Generated by org.testng.reporters.JUnitReportReporter -->
<testsuite hostname="DESKTOP-D716IJ6" failures="0" tests="1" name="com.testscripts.empSpouseComplexDeserial" time="0.137" errors="0" timestamp="2023-05-05T12:53:22 IST" skipped="0">
  <testcase classname="com.testscripts.empSpouseComplexDeserial" name="data" time="0.137"/>
  <system-out/>
</testsuite> <!-- com.testscripts.empSpouseComplexDeserial -->
