<?xml version="1.0" encoding="UTF-8"?>
<!-- Generated by org.testng.reporters.JUnitReportReporter -->
<testsuite hostname="DESKTOP-D716IJ6" failures="0" tests="1" name="com.CoopsChicken.PutTheToiletSeatDown" time="2.628" errors="0" timestamp="2023-05-12T15:26:45 IST" skipped="0">
  <testcase classname="com.CoopsChicken.PutTheToiletSeatDown" name="putItDown" time="2.628"/>
  <system-out/>
</testsuite> <!-- com.CoopsChicken.PutTheToiletSeatDown -->
