<?xml version="1.0" encoding="UTF-8"?>
<!-- Generated by org.testng.reporters.JUnitReportReporter -->
<testsuite hostname="DESKTOP-D716IJ6" failures="0" tests="1" name="com.basicAuth.PreemptiveAuth" time="2.270" errors="0" timestamp="2023-05-12T10:50:25 IST" skipped="0">
  <testcase classname="com.basicAuth.PreemptiveAuth" name="loginApi" time="2.270"/>
  <system-out/>
</testsuite> <!-- com.basicAuth.PreemptiveAuth -->
