<?xml version="1.0" encoding="UTF-8"?>
<!-- Generated by org.testng.reporters.JUnitReportReporter -->
<testsuite hostname="DESKTOP-D716IJ6" failures="0" tests="1" name="com.CRUDopsWithBDD.ReqResPost" time="3.332" errors="0" timestamp="2023-05-08T16:14:29 IST" skipped="0">
  <testcase classname="com.CRUDopsWithBDD.ReqResPost" name="reqRes" time="3.332"/>
  <system-out/>
</testsuite> <!-- com.CRUDopsWithBDD.ReqResPost -->
