<?xml version="1.0" encoding="UTF-8"?>
<!-- Generated by org.testng.reporters.JUnitReportReporter -->
<testsuite hostname="DESKTOP-D716IJ6" failures="0" tests="1" name="com.CRUDopsWithoutBDD.DeleteARequest" time="1.337" errors="0" timestamp="2023-05-08T11:27:24 IST" skipped="0">
  <testcase classname="com.CRUDopsWithoutBDD.DeleteARequest" name="deleteRequest" time="1.337"/>
  <system-out/>
</testsuite> <!-- com.CRUDopsWithoutBDD.DeleteARequest -->
