<?xml version="1.0" encoding="UTF-8"?>
<!-- Generated by org.testng.reporters.JUnitReportReporter -->
<testsuite hostname="DESKTOP-D716IJ6" failures="0" tests="1" name="com.BearerToken.RequestChainingUsingBearerToken" time="4.794" errors="0" timestamp="2023-05-12T12:23:27 IST" skipped="0">
  <testcase classname="com.BearerToken.RequestChainingUsingBearerToken" name="getNDeleteRepo" time="4.794"/>
  <system-out/>
</testsuite> <!-- com.BearerToken.RequestChainingUsingBearerToken -->
