<?xml version="1.0" encoding="UTF-8"?>
<!-- Generated by org.testng.reporters.JUnitReportReporter -->
<testsuite hostname="DESKTOP-D716IJ6" failures="0" tests="1" name="com.RestAssuredFrameWork.PostARequesthardcoded" time="10.309" errors="0" timestamp="2023-05-15T16:11:13 IST" skipped="0">
  <testcase classname="com.RestAssuredFrameWork.PostARequesthardcoded" name="postRequest" time="10.309"/>
  <system-out/>
</testsuite> <!-- com.RestAssuredFrameWork.PostARequesthardcoded -->
