<?xml version="1.0" encoding="UTF-8"?>
<!-- Generated by org.testng.reporters.JUnitReportReporter -->
<testsuite hostname="DESKTOP-D716IJ6" failures="0" tests="1" name="com.RestAssuredFrameWork.Createprojectdeletereqvalidate" time="4.642" errors="0" timestamp="2023-05-16T10:37:56 IST" skipped="0">
  <testcase classname="com.RestAssuredFrameWork.Createprojectdeletereqvalidate" name="test" time="4.642"/>
  <system-out/>
</testsuite> <!-- com.RestAssuredFrameWork.Createprojectdeletereqvalidate -->
