<?xml version="1.0" encoding="UTF-8"?>
<!-- Generated by org.testng.reporters.JUnitReportReporter -->
<testsuite hostname="DESKTOP-D716IJ6" failures="0" tests="1" name="com.BearerToken.BearerTokenGitHub" time="5.448" errors="0" timestamp="2023-05-12T11:17:55 IST" skipped="0">
  <testcase classname="com.BearerToken.BearerTokenGitHub" name="repocreation" time="5.448"/>
  <system-out/>
</testsuite> <!-- com.BearerToken.BearerTokenGitHub -->
