<?xml version="1.0" encoding="UTF-8"?>
<!-- Generated by org.testng.reporters.JUnitReportReporter -->
<testsuite hostname="DESKTOP-D716IJ6" failures="0" tests="1" name="com.BearerToken.BearerTokens" time="1.848" errors="0" timestamp="2023-05-12T10:53:16 IST" skipped="0">
  <testcase classname="com.BearerToken.BearerTokens" name="loginApi" time="1.848"/>
  <system-out/>
</testsuite> <!-- com.BearerToken.BearerTokens -->
