<?xml version="1.0" encoding="UTF-8"?>
<!-- Generated by org.testng.reporters.JUnitReportReporter -->
<testsuite hostname="DESKTOP-D716IJ6" failures="0" tests="1" name="com.mockTest.RequestChaininh" time="3.158" errors="0" timestamp="2023-05-17T11:32:56 IST" skipped="0">
  <testcase classname="com.mockTest.RequestChaininh" name="test" time="3.158"/>
  <system-out/>
</testsuite> <!-- com.mockTest.RequestChaininh -->
