<?xml version="1.0" encoding="UTF-8"?>
<!-- Generated by org.testng.reporters.JUnitReportReporter -->
<testsuite hostname="DESKTOP-D716IJ6" failures="0" tests="1" name="com.FRAMEWORK.PostARequesthardcoded" time="12.486" errors="0" timestamp="2023-05-16T13:23:17 IST" skipped="0">
  <testcase classname="com.FRAMEWORK.PostARequesthardcoded" name="postRequest" time="12.486"/>
  <system-out/>
</testsuite> <!-- com.FRAMEWORK.PostARequesthardcoded -->
