<?xml version="1.0" encoding="UTF-8"?>
<!-- Generated by org.testng.reporters.JUnitReportReporter -->
<testsuite hostname="DESKTOP-D716IJ6" failures="0" tests="1" name="com.testscripts.StdSerialization" time="0.140" errors="0" timestamp="2023-05-05T12:18:09 IST" skipped="0">
  <testcase classname="com.testscripts.StdSerialization" name="stdDetails" time="0.140"/>
  <system-out/>
</testsuite> <!-- com.testscripts.StdSerialization -->
