<?xml version="1.0" encoding="UTF-8"?>
<!-- Generated by org.testng.reporters.JUnitReportReporter -->
<testsuite hostname="DESKTOP-D716IJ6" failures="0" tests="1" name="com.testscripts.empSpouseComplexSerial" time="0.133" errors="0" timestamp="2023-05-05T12:45:55 IST" skipped="0">
  <testcase classname="com.testscripts.empSpouseComplexSerial" name="data" time="0.133"/>
  <system-out/>
</testsuite> <!-- com.testscripts.empSpouseComplexSerial -->
