<?xml version="1.0" encoding="UTF-8"?>
<!-- Generated by org.testng.reporters.JUnitReportReporter -->
<testsuite hostname="DESKTOP-D716IJ6" failures="0" tests="1" name="com.DifferentWaysOfPost.UsingPOJOClass" time="2.699" errors="0" timestamp="2023-05-09T11:16:42 IST" skipped="0">
  <testcase classname="com.DifferentWaysOfPost.UsingPOJOClass" name="postRequest" time="2.699"/>
  <system-out/>
</testsuite> <!-- com.DifferentWaysOfPost.UsingPOJOClass -->
