<?xml version="1.0" encoding="UTF-8"?>
<!-- Generated by org.testng.reporters.JUnitReportReporter -->
<testsuite hostname="DESKTOP-D716IJ6" failures="0" tests="1" name="com.ResponseValidation.StaticResponseValidation" time="1.808" errors="0" timestamp="2023-05-09T15:18:20 IST" skipped="0">
  <testcase classname="com.ResponseValidation.StaticResponseValidation" name="getProjectId" time="1.808"/>
  <system-out/>
</testsuite> <!-- com.ResponseValidation.StaticResponseValidation -->
