<?xml version="1.0" encoding="UTF-8"?>
<!-- Generated by org.testng.reporters.JUnitReportReporter -->
<testsuite hostname="DESKTOP-D716IJ6" failures="0" tests="1" name="com.ResponseValidation.DynamicResponseValidationForREQRES" time="4.246" errors="0" timestamp="2023-05-09T15:38:32 IST" skipped="0">
  <testcase classname="com.ResponseValidation.DynamicResponseValidationForREQRES" name="validation" time="4.246"/>
  <system-out/>
</testsuite> <!-- com.ResponseValidation.DynamicResponseValidationForREQRES -->
