<?xml version="1.0" encoding="UTF-8"?>
<!-- Generated by org.testng.reporters.JUnitReportReporter -->
<testsuite hostname="DESKTOP-D716IJ6" failures="0" tests="1" name="com.CRUDopsWithoutBDD.PostARequest" time="1.512" errors="0" timestamp="2023-05-08T11:16:58 IST" skipped="0">
  <testcase classname="com.CRUDopsWithoutBDD.PostARequest" name="postRequest" time="1.512"/>
  <system-out/>
</testsuite> <!-- com.CRUDopsWithoutBDD.PostARequest -->
