<?xml version="1.0" encoding="UTF-8"?>
<!-- Generated by org.testng.reporters.JUnitReportReporter -->
<testsuite hostname="DESKTOP-D716IJ6" failures="0" tests="1" name="com.CRUDopsWithoutBDD.PutARequest" time="1.498" errors="0" timestamp="2023-05-08T11:17:25 IST" skipped="0">
  <testcase classname="com.CRUDopsWithoutBDD.PutARequest" name="putRequest" time="1.498"/>
  <system-out/>
</testsuite> <!-- com.CRUDopsWithoutBDD.PutARequest -->
