<?xml version="1.0" encoding="UTF-8"?>
<!-- Generated by org.testng.reporters.JUnitReportReporter -->
<testsuite hostname="DESKTOP-D716IJ6" failures="0" tests="1" name="com.CRUDopsWithoutBDD.PatchRequest" time="3.571" errors="0" timestamp="2023-05-08T12:11:49 IST" skipped="0">
  <testcase classname="com.CRUDopsWithoutBDD.PatchRequest" name="patchRequest" time="3.571"/>
  <system-out/>
</testsuite> <!-- com.CRUDopsWithoutBDD.PatchRequest -->
