<?xml version="1.0" encoding="UTF-8"?>
<!-- Generated by org.testng.reporters.JUnitReportReporter -->
<testsuite hostname="DESKTOP-D716IJ6" failures="0" tests="1" name="com.ResponseTypeObjectORArray.RMGYantra" time="2.077" errors="0" timestamp="2023-05-19T15:58:04 IST" skipped="0">
  <testcase classname="com.ResponseTypeObjectORArray.RMGYantra" name="test" time="2.077"/>
  <system-out/>
</testsuite> <!-- com.ResponseTypeObjectORArray.RMGYantra -->
