<?xml version="1.0" encoding="UTF-8"?>
<!-- Generated by org.testng.reporters.JUnitReportReporter -->
<testsuite hostname="DESKTOP-D716IJ6" failures="0" tests="1" name="com.RestAssuredFrameWork.PostARequest" time="2.097" errors="0" timestamp="2023-05-15T15:01:05 IST" skipped="0">
  <testcase classname="com.RestAssuredFrameWork.PostARequest" name="postRequest" time="2.097"/>
  <system-out/>
</testsuite> <!-- com.RestAssuredFrameWork.PostARequest -->
