<?xml version="1.0" encoding="UTF-8"?>
<!-- Generated by org.testng.reporters.JUnitReportReporter -->
<testsuite hostname="DESKTOP-D716IJ6" failures="0" tests="1" name="com.FRAMEWORK.PostRequestusingGUI" time="16.699" errors="0" timestamp="2023-05-16T13:25:56 IST" skipped="0">
  <testcase classname="com.FRAMEWORK.PostRequestusingGUI" name="postrequest" time="16.699"/>
  <system-out/>
</testsuite> <!-- com.FRAMEWORK.PostRequestusingGUI -->
