<?xml version="1.0" encoding="UTF-8"?>
<!-- Generated by org.testng.reporters.JUnitReportReporter -->
<testsuite hostname="DESKTOP-D716IJ6" failures="0" tests="1" name="com.RestAssuredFrameWork.PostReqValidateInDBGetProjectDetails" time="4.883" errors="0" timestamp="2023-05-16T09:40:42 IST" skipped="0">
  <testcase classname="com.RestAssuredFrameWork.PostReqValidateInDBGetProjectDetails" name="test" time="4.883"/>
  <system-out/>
</testsuite> <!-- com.RestAssuredFrameWork.PostReqValidateInDBGetProjectDetails -->
