<?xml version="1.0" encoding="UTF-8"?>
<!-- Generated by org.testng.reporters.JUnitReportReporter -->
<testsuite hostname="DESKTOP-D716IJ6" failures="0" tests="1" name="com.RequestChaining.RMGYantraRequestingChaining" time="2.506" errors="0" timestamp="2023-05-11T13:08:20 IST" skipped="0">
  <testcase classname="com.RequestChaining.RMGYantraRequestingChaining" name="requestChaining" time="2.506"/>
  <system-out/>
</testsuite> <!-- com.RequestChaining.RMGYantraRequestingChaining -->
