<?xml version="1.0" encoding="UTF-8"?>
<!-- Generated by org.testng.reporters.JUnitReportReporter -->
<testsuite hostname="DESKTOP-D716IJ6" failures="0" tests="1" name="com.Parameters.PathparameterForPut" time="2.308" errors="0" timestamp="2023-05-11T11:09:59 IST" skipped="0">
  <testcase classname="com.Parameters.PathparameterForPut" name="put" time="2.308"/>
  <system-out/>
</testsuite> <!-- com.Parameters.PathparameterForPut -->
