<?xml version="1.0" encoding="UTF-8"?>
<!-- Generated by org.testng.reporters.JUnitReportReporter -->
<testsuite hostname="DESKTOP-D716IJ6" failures="0" tests="1" name="dataMasking.DataMaskingConfig" time="1.983" errors="0" timestamp="2023-05-19T11:15:20 IST" skipped="0">
  <testcase classname="dataMasking.DataMaskingConfig" name="dataMask" time="1.983"/>
  <system-out/>
</testsuite> <!-- dataMasking.DataMaskingConfig -->
