<?xml version="1.0" encoding="UTF-8"?>
<!-- Generated by org.testng.reporters.JUnitReportReporter -->
<testsuite hostname="DESKTOP-D716IJ6" failures="0" tests="1" name="com.CRUDopsWithBDD.PostARequest" time="2.305" errors="0" timestamp="2023-05-08T15:44:38 IST" skipped="0">
  <testcase classname="com.CRUDopsWithBDD.PostARequest" name="postARequest" time="2.305"/>
  <system-out/>
</testsuite> <!-- com.CRUDopsWithBDD.PostARequest -->
