<?xml version="1.0" encoding="UTF-8"?>
<!-- Generated by org.testng.reporters.JUnitReportReporter -->
<testsuite hostname="DESKTOP-D716IJ6" failures="0" tests="1" name="com.CoopsChicken.Oauth2InChickenCoops" time="4.042" errors="0" timestamp="2023-05-12T13:05:52 IST" skipped="0">
  <testcase classname="com.CoopsChicken.Oauth2InChickenCoops" name="postdata" time="4.042"/>
  <system-out/>
</testsuite> <!-- com.CoopsChicken.Oauth2InChickenCoops -->
