<?xml version="1.0" encoding="UTF-8"?>
<!-- Generated by org.testng.reporters.JUnitReportReporter -->
<testsuite hostname="DESKTOP-D716IJ6" failures="0" tests="1" name="com.Parameters.PathParameters" time="1.870" errors="0" timestamp="2023-05-11T10:42:52 IST" skipped="0">
  <testcase classname="com.Parameters.PathParameters" name="getProject" time="1.870"/>
  <system-out/>
</testsuite> <!-- com.Parameters.PathParameters -->
