<?xml version="1.0" encoding="UTF-8"?>
<!-- Generated by org.testng.reporters.JUnitReportReporter -->
<testsuite hostname="DESKTOP-D716IJ6" failures="0" tests="1" name="com.FRAMEWORK.PostReqValidateInDBGetProjectDetails" time="7.107" errors="0" timestamp="2023-05-16T13:28:49 IST" skipped="0">
  <testcase classname="com.FRAMEWORK.PostReqValidateInDBGetProjectDetails" name="test" time="7.107"/>
  <system-out/>
</testsuite> <!-- com.FRAMEWORK.PostReqValidateInDBGetProjectDetails -->
