<?xml version="1.0" encoding="UTF-8"?>
<!-- Generated by org.testng.reporters.JUnitReportReporter -->
<testsuite hostname="DESKTOP-D716IJ6" failures="0" tests="1" name="com.ResponseValidation.DynamicResponseValidation" time="1.879" errors="0" timestamp="2023-05-09T15:28:06 IST" skipped="0">
  <testcase classname="com.ResponseValidation.DynamicResponseValidation" name="validation" time="1.879"/>
  <system-out/>
</testsuite> <!-- com.ResponseValidation.DynamicResponseValidation -->
