<?xml version="1.0" encoding="UTF-8"?>
<!-- Generated by org.testng.reporters.JUnitReportReporter -->
<testsuite hostname="DESKTOP-D716IJ6" failures="0" tests="1" name="com.RestAssuredFrameWork.PostRequestusingGUI" time="5.733" errors="0" timestamp="2023-05-16T09:27:41 IST" skipped="0">
  <testcase classname="com.RestAssuredFrameWork.PostRequestusingGUI" name="postrequest" time="5.733"/>
  <system-out/>
</testsuite> <!-- com.RestAssuredFrameWork.PostRequestusingGUI -->
