<?xml version="1.0" encoding="UTF-8"?>
<!-- Generated by org.testng.reporters.JUnitReportReporter -->
<testsuite hostname="DESKTOP-D716IJ6" failures="0" tests="1" name="com.DifferentWaysOfPost.UsingHashMap" time="2.211" errors="0" timestamp="2023-05-09T10:53:12 IST" skipped="0">
  <testcase classname="com.DifferentWaysOfPost.UsingHashMap" name="postrequest" time="2.211"/>
  <system-out/>
</testsuite> <!-- com.DifferentWaysOfPost.UsingHashMap -->
