<?xml version="1.0" encoding="UTF-8"?>
<!-- Generated by org.testng.reporters.JUnitReportReporter -->
<testsuite hostname="DESKTOP-D716IJ6" failures="0" tests="1" name="com.Parameters.PathParameterForDelete" time="1.934" errors="0" timestamp="2023-05-11T11:03:30 IST" skipped="0">
  <testcase classname="com.Parameters.PathParameterForDelete" name="deleteRequest" time="1.934"/>
  <system-out/>
</testsuite> <!-- com.Parameters.PathParameterForDelete -->
