<?xml version="1.0" encoding="UTF-8"?>
<!-- Generated by org.testng.reporters.JUnitReportReporter -->
<testsuite hostname="DESKTOP-D716IJ6" failures="0" tests="1" name="com.testscripts.PostRequestByWrtingItToJSONfileNsendIt" time="2.180" errors="0" timestamp="2023-05-09T12:16:32 IST" skipped="0">
  <testcase classname="com.testscripts.PostRequestByWrtingItToJSONfileNsendIt" name="postreq" time="2.180"/>
  <system-out/>
</testsuite> <!-- com.testscripts.PostRequestByWrtingItToJSONfileNsendIt -->
