<?xml version="1.0" encoding="UTF-8"?>
<!-- Generated by org.testng.reporters.JUnitReportReporter -->
<testsuite hostname="DESKTOP-D716IJ6" failures="0" tests="1" name="com.FRAMEWORK.Createprojectdeletereqvalidate" time="16.326" errors="0" timestamp="2023-05-16T13:17:57 IST" skipped="0">
  <testcase classname="com.FRAMEWORK.Createprojectdeletereqvalidate" name="test" time="16.326"/>
  <system-out/>
</testsuite> <!-- com.FRAMEWORK.Createprojectdeletereqvalidate -->
