<?xml version="1.0" encoding="UTF-8"?>
<!-- Generated by org.testng.reporters.JUnitReportReporter -->
<testsuite hostname="DESKTOP-D716IJ6" failures="0" tests="1" name="com.testscripts.DeserializationForEmployee" time="0.135" errors="0" timestamp="2023-05-05T12:07:07 IST" skipped="0">
  <testcase classname="com.testscripts.DeserializationForEmployee" name="employee" time="0.135"/>
  <system-out/>
</testsuite> <!-- com.testscripts.DeserializationForEmployee -->
