<?xml version="1.0" encoding="UTF-8"?>
<!-- Generated by org.testng.reporters.JUnitReportReporter -->
<testsuite hostname="DESKTOP-D716IJ6" failures="0" tests="1" name="com.basicAuth.DigestiveAuth" time="1.890" errors="0" timestamp="2023-05-12T10:47:06 IST" skipped="0">
  <testcase classname="com.basicAuth.DigestiveAuth" name="loginApi" time="1.890"/>
  <system-out/>
</testsuite> <!-- com.basicAuth.DigestiveAuth -->
