<?xml version="1.0" encoding="UTF-8"?>
<!-- Generated by org.testng.reporters.JUnitReportReporter -->
<testsuite hostname="DESKTOP-D716IJ6" failures="0" tests="1" name="com.CRUDopsWithBDD.GetAllProjects" time="1.914" errors="0" timestamp="2023-05-08T15:47:56 IST" skipped="0">
  <testcase classname="com.CRUDopsWithBDD.GetAllProjects" name="getProjects" time="1.914"/>
  <system-out/>
</testsuite> <!-- com.CRUDopsWithBDD.GetAllProjects -->
