<?xml version="1.0" encoding="UTF-8"?>
<!-- Generated by org.testng.reporters.JUnitReportReporter -->
<testsuite hostname="DESKTOP-D716IJ6" failures="0" tests="1" name="com.DifferentWaysOfPost.UsingJSONobject" time="2.402" errors="0" timestamp="2023-05-09T10:47:36 IST" skipped="0">
  <testcase classname="com.DifferentWaysOfPost.UsingJSONobject" name="postreq" time="2.402"/>
  <system-out/>
</testsuite> <!-- com.DifferentWaysOfPost.UsingJSONobject -->
