<?xml version="1.0" encoding="UTF-8"?>
<!-- Generated by org.testng.reporters.JUnitReportReporter -->
<testsuite hostname="DESKTOP-D716IJ6" failures="0" tests="1" name="com.headerVerification.ReqresHeaderVerification" time="2.555" errors="0" timestamp="2023-05-23T11:43:01 IST" skipped="0">
  <testcase classname="com.headerVerification.ReqresHeaderVerification" name="m2" time="2.555"/>
  <system-out/>
</testsuite> <!-- com.headerVerification.ReqresHeaderVerification -->
