<?xml version="1.0" encoding="UTF-8"?>
<!-- Generated by org.testng.reporters.JUnitReportReporter -->
<testsuite hostname="DESKTOP-D716IJ6" failures="0" tests="1" name="com.DifferentWaysOfPost.UsingJSONfile" time="2.108" errors="0" timestamp="2023-05-09T11:01:38 IST" skipped="0">
  <testcase classname="com.DifferentWaysOfPost.UsingJSONfile" name="post" time="2.108"/>
  <system-out/>
</testsuite> <!-- com.DifferentWaysOfPost.UsingJSONfile -->
