<?xml version="1.0" encoding="UTF-8"?>
<!-- Generated by org.testng.reporters.JUnitReportReporter -->
<testsuite hostname="DESKTOP-D716IJ6" failures="0" tests="1" name="com.CRUDopsWithBDD.DeleteRequest" time="2.046" errors="0" timestamp="2023-05-08T15:50:07 IST" skipped="0">
  <testcase classname="com.CRUDopsWithBDD.DeleteRequest" name="deleteRequest" time="2.046"/>
  <system-out/>
</testsuite> <!-- com.CRUDopsWithBDD.DeleteRequest -->
