<?xml version="1.0" encoding="UTF-8"?>
<!-- Generated by org.testng.reporters.JUnitReportReporter -->
<testsuite hostname="DESKTOP-D716IJ6" failures="0" tests="1" name="com.CoopsChicken.FeedYourChickens" time="4.006" errors="0" timestamp="2023-05-12T15:27:29 IST" skipped="0">
  <testcase classname="com.CoopsChicken.FeedYourChickens" name="feed" time="4.006"/>
  <system-out/>
</testsuite> <!-- com.CoopsChicken.FeedYourChickens -->
